<?xml version="1.0" encoding="UTF-8"?>
<coverage generated="1777788116382" clover="3.2.0">
  <project timestamp="1777788116382" name="All files">
    <metrics statements="208" coveredstatements="187" conditionals="123" coveredconditionals="93" methods="68" coveredmethods="56" elements="399" coveredelements="336" complexity="0" loc="208" ncloc="208" packages="5" files="11" classes="11"/>
    <package name="src">
      <metrics statements="19" coveredstatements="19" conditionals="6" coveredconditionals="3" methods="7" coveredmethods="5"/>
      <file name="App.jsx" path="C:\Users\Srinivaspunith\.antigravity\election-assistant\src\App.jsx">
        <metrics statements="19" coveredstatements="19" conditionals="6" coveredconditionals="3" methods="7" coveredmethods="5"/>
        <line num="11" count="1" type="cond" truecount="1" falsecount="1"/>
        <line num="12" count="1" type="stmt"/>
        <line num="16" count="3" type="stmt"/>
        <line num="18" count="3" type="stmt"/>
        <line num="19" count="2" type="cond" truecount="1" falsecount="1"/>
        <line num="20" count="2" type="stmt"/>
        <line num="24" count="3" type="stmt"/>
        <line num="28" count="3" type="stmt"/>
        <line num="29" count="3" type="stmt"/>
        <line num="30" count="3" type="stmt"/>
        <line num="32" count="3" type="stmt"/>
        <line num="33" count="2" type="stmt"/>
        <line num="34" count="2" type="stmt"/>
        <line num="36" count="2" type="stmt"/>
        <line num="37" count="2" type="stmt"/>
        <line num="39" count="2" type="stmt"/>
        <line num="40" count="2" type="stmt"/>
        <line num="41" count="2" type="stmt"/>
        <line num="45" count="3" type="stmt"/>
      </file>
    </package>
    <package name="src.components">
      <metrics statements="171" coveredstatements="154" conditionals="115" coveredconditionals="89" methods="54" coveredmethods="47"/>
      <file name="Chat.jsx" path="C:\Users\Srinivaspunith\.antigravity\election-assistant\src\components\Chat.jsx">
        <metrics statements="79" coveredstatements="67" conditionals="43" coveredconditionals="32" methods="25" coveredmethods="21"/>
        <line num="6" count="2" type="stmt"/>
        <line num="7" count="25" type="stmt"/>
        <line num="8" count="8" type="stmt"/>
        <line num="9" count="8" type="cond" truecount="2" falsecount="0"/>
        <line num="10" count="1" type="stmt"/>
        <line num="12" count="7" type="stmt"/>
        <line num="20" count="25" type="stmt"/>
        <line num="21" count="25" type="stmt"/>
        <line num="22" count="25" type="stmt"/>
        <line num="23" count="25" type="stmt"/>
        <line num="26" count="25" type="stmt"/>
        <line num="28" count="25" type="stmt"/>
        <line num="29" count="18" type="stmt"/>
        <line num="32" count="25" type="stmt"/>
        <line num="33" count="18" type="stmt"/>
        <line num="36" count="25" type="stmt"/>
        <line num="37" count="18" type="stmt"/>
        <line num="40" count="25" type="stmt"/>
        <line num="41" count="0" type="cond" truecount="0" falsecount="2"/>
        <line num="42" count="0" type="stmt"/>
        <line num="46" count="0" type="stmt"/>
        <line num="47" count="0" type="stmt"/>
        <line num="51" count="25" type="cond" truecount="1" falsecount="0"/>
        <line num="52" count="5" type="cond" truecount="1" falsecount="1"/>
        <line num="53" count="5" type="cond" truecount="1" falsecount="1"/>
        <line num="54" count="0" type="stmt"/>
        <line num="55" count="0" type="stmt"/>
        <line num="58" count="5" type="stmt"/>
        <line num="59" count="5" type="stmt"/>
        <line num="60" count="5" type="stmt"/>
        <line num="61" count="5" type="stmt"/>
        <line num="62" count="5" type="stmt"/>
        <line num="64" count="5" type="stmt"/>
        <line num="69" count="5" type="stmt"/>
        <line num="70" count="5" type="stmt"/>
        <line num="71" count="5" type="stmt"/>
        <line num="72" count="5" type="cond" truecount="1" falsecount="1"/>
        <line num="73" count="0" type="stmt"/>
        <line num="76" count="5" type="stmt"/>
        <line num="87" count="5" type="stmt"/>
        <line num="89" count="5" type="cond" truecount="2" falsecount="0"/>
        <line num="90" count="1" type="cond" truecount="1" falsecount="1"/>
        <line num="93" count="4" type="stmt"/>
        <line num="99" count="1" type="cond" truecount="1" falsecount="1"/>
        <line num="101" count="1" type="stmt"/>
        <line num="102" count="1" type="stmt"/>
        <line num="104" count="5" type="stmt"/>
        <line num="108" count="25" type="stmt"/>
        <line num="109" count="2" type="stmt"/>
        <line num="110" count="2" type="stmt"/>
        <line num="113" count="25" type="stmt"/>
        <line num="114" count="3" type="cond" truecount="3" falsecount="1"/>
        <line num="115" count="3" type="stmt"/>
        <line num="116" count="3" type="stmt"/>
        <line num="121" count="25" type="stmt"/>
        <line num="122" count="30" type="stmt"/>
        <line num="125" count="660" type="stmt"/>
        <line num="127" count="30" type="stmt"/>
        <line num="129" count="300" type="stmt"/>
        <line num="132" count="300" type="stmt"/>
        <line num="133" count="300" type="stmt"/>
        <line num="134" count="300" type="cond" truecount="1" falsecount="1"/>
        <line num="135" count="300" type="stmt"/>
        <line num="136" count="300" type="stmt"/>
        <line num="137" count="300" type="cond" truecount="1" falsecount="1"/>
        <line num="138" count="0" type="stmt"/>
        <line num="141" count="0" type="stmt"/>
        <line num="147" count="300" type="cond" truecount="1" falsecount="1"/>
        <line num="148" count="300" type="stmt"/>
        <line num="152" count="0" type="stmt"/>
        <line num="155" count="300" type="stmt"/>
        <line num="158" count="30" type="stmt"/>
        <line num="159" count="30" type="stmt"/>
        <line num="163" count="25" type="stmt"/>
        <line num="196" count="40" type="stmt"/>
        <line num="234" count="0" type="stmt"/>
        <line num="248" count="100" type="stmt"/>
        <line num="250" count="0" type="stmt"/>
        <line num="266" count="6" type="stmt"/>
      </file>
      <file name="Header.jsx" path="C:\Users\Srinivaspunith\.antigravity\election-assistant\src\components\Header.jsx">
        <metrics statements="6" coveredstatements="6" conditionals="6" coveredconditionals="3" methods="3" coveredmethods="3"/>
        <line num="5" count="2" type="stmt"/>
        <line num="6" count="4" type="stmt"/>
        <line num="8" count="4" type="stmt"/>
        <line num="10" count="4" type="stmt"/>
        <line num="36" count="4" type="cond" truecount="1" falsecount="1"/>
        <line num="42" count="4" type="cond" truecount="1" falsecount="1"/>
      </file>
      <file name="Hero.jsx" path="C:\Users\Srinivaspunith\.antigravity\election-assistant\src\components\Hero.jsx">
        <metrics statements="3" coveredstatements="2" conditionals="0" coveredconditionals="0" methods="2" coveredmethods="1"/>
        <line num="3" count="1" type="stmt"/>
        <line num="4" count="3" type="stmt"/>
        <line num="26" count="0" type="stmt"/>
      </file>
      <file name="Quiz.jsx" path="C:\Users\Srinivaspunith\.antigravity\election-assistant\src\components\Quiz.jsx">
        <metrics statements="47" coveredstatements="45" conditionals="35" coveredconditionals="28" methods="9" coveredmethods="9"/>
        <line num="4" count="2" type="stmt"/>
        <line num="5" count="40" type="stmt"/>
        <line num="6" count="40" type="stmt"/>
        <line num="7" count="40" type="stmt"/>
        <line num="8" count="40" type="stmt"/>
        <line num="9" count="40" type="stmt"/>
        <line num="10" count="40" type="stmt"/>
        <line num="11" count="40" type="stmt"/>
        <line num="13" count="40" type="stmt"/>
        <line num="14" count="6" type="stmt"/>
        <line num="15" count="6" type="stmt"/>
        <line num="16" count="6" type="stmt"/>
        <line num="18" count="6" type="stmt"/>
        <line num="23" count="6" type="stmt"/>
        <line num="25" count="6" type="stmt"/>
        <line num="27" count="6" type="stmt"/>
        <line num="60" count="6" type="stmt"/>
        <line num="61" count="6" type="stmt"/>
        <line num="62" count="6" type="stmt"/>
        <line num="63" count="6" type="stmt"/>
        <line num="65" count="0" type="stmt"/>
        <line num="66" count="0" type="stmt"/>
        <line num="68" count="6" type="stmt"/>
        <line num="72" count="40" type="stmt"/>
        <line num="73" count="11" type="cond" truecount="1" falsecount="1"/>
        <line num="75" count="11" type="stmt"/>
        <line num="76" count="11" type="stmt"/>
        <line num="77" count="11" type="cond" truecount="2" falsecount="0"/>
        <line num="78" count="1" type="stmt"/>
        <line num="81" count="11" type="stmt"/>
        <line num="82" count="11" type="stmt"/>
        <line num="83" count="11" type="cond" truecount="2" falsecount="0"/>
        <line num="84" count="9" type="stmt"/>
        <line num="86" count="2" type="stmt"/>
        <line num="87" count="2" type="stmt"/>
        <line num="96" count="40" type="stmt"/>
        <line num="145" count="104" type="stmt"/>
        <line num="146" count="104" type="cond" truecount="2" falsecount="0"/>
        <line num="147" count="60" type="stmt"/>
        <line num="149" count="44" type="stmt"/>
        <line num="150" count="44" type="cond" truecount="2" falsecount="0"/>
        <line num="151" count="11" type="stmt"/>
        <line num="152" count="33" type="cond" truecount="2" falsecount="0"/>
        <line num="153" count="10" type="stmt"/>
        <line num="155" count="23" type="stmt"/>
        <line num="159" count="104" type="stmt"/>
        <line num="162" count="11" type="stmt"/>
      </file>
      <file name="Timeline.jsx" path="C:\Users\Srinivaspunith\.antigravity\election-assistant\src\components\Timeline.jsx">
        <metrics statements="36" coveredstatements="34" conditionals="31" coveredconditionals="26" methods="15" coveredmethods="13"/>
        <line num="5" count="2" type="stmt"/>
        <line num="6" count="14" type="stmt"/>
        <line num="7" count="14" type="stmt"/>
        <line num="8" count="14" type="stmt"/>
        <line num="10" count="14" type="stmt"/>
        <line num="12" count="6" type="stmt"/>
        <line num="15" count="14" type="stmt"/>
        <line num="16" count="3" type="stmt"/>
        <line num="17" count="3" type="cond" truecount="2" falsecount="0"/>
        <line num="19" count="3" type="cond" truecount="2" falsecount="0"/>
        <line num="20" count="2" type="stmt"/>
        <line num="21" count="2" type="cond" truecount="1" falsecount="1"/>
        <line num="22" count="2" type="stmt"/>
        <line num="30" count="3" type="cond" truecount="2" falsecount="0"/>
        <line num="31" count="2" type="stmt"/>
        <line num="34" count="3" type="cond" truecount="2" falsecount="0"/>
        <line num="35" count="2" type="stmt"/>
        <line num="36" count="2" type="stmt"/>
        <line num="42" count="14" type="stmt"/>
        <line num="43" count="8" type="cond" truecount="2" falsecount="0"/>
        <line num="44" count="3" type="stmt"/>
        <line num="45" count="2" type="stmt"/>
        <line num="50" count="14" type="stmt"/>
        <line num="51" count="140" type="stmt"/>
        <line num="52" count="140" type="stmt"/>
        <line num="55" count="0" type="stmt"/>
        <line num="59" count="14" type="stmt"/>
        <line num="76" count="0" type="stmt"/>
        <line num="89" count="140" type="stmt"/>
        <line num="90" count="140" type="stmt"/>
        <line num="92" count="140" type="stmt"/>
        <line num="110" count="3" type="stmt"/>
        <line num="149" count="4" type="stmt"/>
        <line num="150" count="4" type="cond" truecount="1" falsecount="1"/>
        <line num="152" count="4" type="stmt"/>
        <line num="173" count="16" type="stmt"/>
      </file>
    </package>
    <package name="src.context">
      <metrics statements="10" coveredstatements="9" conditionals="2" coveredconditionals="1" methods="4" coveredmethods="3"/>
      <file name="ThemeContext.jsx" path="C:\Users\Srinivaspunith\.antigravity\election-assistant\src\context\ThemeContext.jsx">
        <metrics statements="10" coveredstatements="9" conditionals="2" coveredconditionals="1" methods="4" coveredmethods="3"/>
        <line num="3" count="1" type="stmt"/>
        <line num="5" count="1" type="stmt"/>
        <line num="6" count="3" type="stmt"/>
        <line num="8" count="3" type="stmt"/>
        <line num="9" count="2" type="cond" truecount="1" falsecount="1"/>
        <line num="10" count="2" type="stmt"/>
        <line num="12" count="0" type="stmt"/>
        <line num="16" count="3" type="stmt"/>
        <line num="18" count="3" type="stmt"/>
        <line num="25" count="3" type="stmt"/>
      </file>
    </package>
    <package name="src.data">
      <metrics statements="2" coveredstatements="2" conditionals="0" coveredconditionals="0" methods="0" coveredmethods="0"/>
      <file name="quickQuestions.js" path="C:\Users\Srinivaspunith\.antigravity\election-assistant\src\data\quickQuestions.js">
        <metrics statements="1" coveredstatements="1" conditionals="0" coveredconditionals="0" methods="0" coveredmethods="0"/>
        <line num="1" count="2" type="stmt"/>
      </file>
      <file name="timelineData.js" path="C:\Users\Srinivaspunith\.antigravity\election-assistant\src\data\timelineData.js">
        <metrics statements="1" coveredstatements="1" conditionals="0" coveredconditionals="0" methods="0" coveredmethods="0"/>
        <line num="1" count="3" type="stmt"/>
      </file>
    </package>
    <package name="src.pages">
      <metrics statements="6" coveredstatements="3" conditionals="0" coveredconditionals="0" methods="3" coveredmethods="1"/>
      <file name="Gallery.jsx" path="C:\Users\Srinivaspunith\.antigravity\election-assistant\src\pages\Gallery.jsx">
        <metrics statements="4" coveredstatements="1" conditionals="0" coveredconditionals="0" methods="2" coveredmethods="0"/>
        <line num="3" count="1" type="stmt"/>
        <line num="4" count="0" type="stmt"/>
        <line num="27" count="0" type="stmt"/>
        <line num="39" count="0" type="stmt"/>
      </file>
      <file name="Home.jsx" path="C:\Users\Srinivaspunith\.antigravity\election-assistant\src\pages\Home.jsx">
        <metrics statements="2" coveredstatements="2" conditionals="0" coveredconditionals="0" methods="1" coveredmethods="1"/>
        <line num="7" count="1" type="stmt"/>
        <line num="8" count="3" type="stmt"/>
      </file>
    </package>
  </project>
</coverage>
