{"C:\\Users\\Srinivaspunith\\.antigravity\\election-assistant\\src\\App.jsx": {"path":"C:\\Users\\Srinivaspunith\\.antigravity\\election-assistant\\src\\App.jsx","statementMap":{"0":{"start":{"line":11,"column":0},"end":{"line":12,"column":null}},"1":{"start":{"line":12,"column":2},"end":{"line":12,"column":null}},"2":{"start":{"line":16,"column":8},"end":{"line":16,"column":32}},"3":{"start":{"line":18,"column":2},"end":{"line":22,"column":null}},"4":{"start":{"line":19,"column":4},"end":{"line":20,"column":null}},"5":{"start":{"line":20,"column":6},"end":{"line":20,"column":null}},"6":{"start":{"line":24,"column":2},"end":{"line":24,"column":null}},"7":{"start":{"line":28,"column":25},"end":{"line":28,"column":58}},"8":{"start":{"line":29,"column":24},"end":{"line":29,"column":58}},"9":{"start":{"line":30,"column":20},"end":{"line":30,"column":63}},"10":{"start":{"line":32,"column":2},"end":{"line":43,"column":null}},"11":{"start":{"line":33,"column":10},"end":{"line":33,"column":50}},"12":{"start":{"line":33,"column":31},"end":{"line":33,"column":50}},"13":{"start":{"line":34,"column":10},"end":{"line":34,"column":50}},"14":{"start":{"line":34,"column":32},"end":{"line":34,"column":50}},"15":{"start":{"line":36,"column":4},"end":{"line":36,"column":null}},"16":{"start":{"line":37,"column":4},"end":{"line":37,"column":null}},"17":{"start":{"line":39,"column":4},"end":{"line":41,"column":null}},"18":{"start":{"line":40,"column":6},"end":{"line":40,"column":null}},"19":{"start":{"line":41,"column":6},"end":{"line":41,"column":null}},"20":{"start":{"line":45,"column":2},"end":{"line":74,"column":null}}},"fnMap":{"0":{"name":"RouteTracker","decl":{"start":{"line":15,"column":9},"end":{"line":15,"column":24}},"loc":{"start":{"line":15,"column":24},"end":{"line":24,"column":null}},"line":15},"1":{"name":"(anonymous_1)","decl":{"start":{"line":18,"column":2},"end":{"line":18,"column":18}},"loc":{"start":{"line":18,"column":18},"end":{"line":22,"column":6}},"line":18},"2":{"name":"App","decl":{"start":{"line":27,"column":9},"end":{"line":27,"column":15}},"loc":{"start":{"line":27,"column":15},"end":{"line":74,"column":null}},"line":27},"3":{"name":"(anonymous_3)","decl":{"start":{"line":32,"column":2},"end":{"line":32,"column":18}},"loc":{"start":{"line":32,"column":18},"end":{"line":43,"column":7}},"line":32},"4":{"name":"(anonymous_4)","decl":{"start":{"line":33,"column":10},"end":{"line":33,"column":31}},"loc":{"start":{"line":33,"column":31},"end":{"line":33,"column":50}},"line":33},"5":{"name":"(anonymous_5)","decl":{"start":{"line":34,"column":10},"end":{"line":34,"column":32}},"loc":{"start":{"line":34,"column":32},"end":{"line":34,"column":50}},"line":34},"6":{"name":"(anonymous_6)","decl":{"start":{"line":39,"column":4},"end":{"line":39,"column":17}},"loc":{"start":{"line":39,"column":17},"end":{"line":41,"column":null}},"line":39}},"branchMap":{"0":{"loc":{"start":{"line":11,"column":0},"end":{"line":12,"column":null}},"type":"if","locations":[{"start":{"line":11,"column":0},"end":{"line":12,"column":null}},{"start":{},"end":{}}],"line":11},"1":{"loc":{"start":{"line":19,"column":4},"end":{"line":20,"column":null}},"type":"if","locations":[{"start":{"line":19,"column":4},"end":{"line":20,"column":null}},{"start":{},"end":{}}],"line":19},"2":{"loc":{"start":{"line":50,"column":11},"end":{"line":53,"column":null}},"type":"binary-expr","locations":[{"start":{"line":50,"column":11},"end":{"line":50,"column":null}},{"start":{"line":51,"column":12},"end":{"line":53,"column":null}}],"line":50}},"s":{"0":1,"1":1,"2":3,"3":3,"4":2,"5":2,"6":3,"7":3,"8":3,"9":3,"10":3,"11":2,"12":0,"13":2,"14":0,"15":2,"16":2,"17":2,"18":2,"19":2,"20":3},"f":{"0":3,"1":2,"2":3,"3":2,"4":0,"5":0,"6":2},"b":{"0":[1,0],"1":[2,0],"2":[3,0]},"meta":{"lastBranch":3,"lastFunction":7,"lastStatement":21,"seen":{"b:11:0:12:Infinity:undefined:undefined:undefined:undefined":0,"s:11:0:12:Infinity":0,"s:12:2:12:Infinity":1,"f:15:9:15:24":0,"s:16:8:16:32":2,"s:18:2:22:Infinity":3,"f:18:2:18:18":1,"b:19:4:20:Infinity:undefined:undefined:undefined:undefined":1,"s:19:4:20:Infinity":4,"s:20:6:20:Infinity":5,"s:24:2:24:Infinity":6,"f:27:9:27:15":2,"s:28:25:28:58":7,"s:29:24:29:58":8,"s:30:20:30:63":9,"s:32:2:43:Infinity":10,"f:32:2:32:18":3,"s:33:10:33:50":11,"f:33:10:33:31":4,"s:33:31:33:50":12,"s:34:10:34:50":13,"f:34:10:34:32":5,"s:34:32:34:50":14,"s:36:4:36:Infinity":15,"s:37:4:37:Infinity":16,"s:39:4:41:Infinity":17,"f:39:4:39:17":6,"s:40:6:40:Infinity":18,"s:41:6:41:Infinity":19,"s:45:2:74:Infinity":20,"b:50:11:50:Infinity:51:12:53:Infinity":2}}}
,"C:\\Users\\Srinivaspunith\\.antigravity\\election-assistant\\src\\components\\Chat.jsx": {"path":"C:\\Users\\Srinivaspunith\\.antigravity\\election-assistant\\src\\components\\Chat.jsx","statementMap":{"0":{"start":{"line":6,"column":6},"end":{"line":283,"column":null}},"1":{"start":{"line":7,"column":19},"end":{"line":18,"column":null}},"2":{"start":{"line":8,"column":18},"end":{"line":8,"column":61}},"3":{"start":{"line":9,"column":4},"end":{"line":10,"column":null}},"4":{"start":{"line":10,"column":6},"end":{"line":10,"column":null}},"5":{"start":{"line":12,"column":4},"end":{"line":17,"column":null}},"6":{"start":{"line":20,"column":16},"end":{"line":20,"column":40}},"7":{"start":{"line":21,"column":20},"end":{"line":21,"column":51}},"8":{"start":{"line":22,"column":16},"end":{"line":22,"column":42}},"9":{"start":{"line":23,"column":8},"end":{"line":23,"column":37}},"10":{"start":{"line":26,"column":21},"end":{"line":26,"column":null}},"11":{"start":{"line":28,"column":2},"end":{"line":30,"column":null}},"12":{"start":{"line":29,"column":4},"end":{"line":29,"column":null}},"13":{"start":{"line":32,"column":8},"end":{"line":33,"column":null}},"14":{"start":{"line":33,"column":4},"end":{"line":33,"column":null}},"15":{"start":{"line":36,"column":2},"end":{"line":38,"column":null}},"16":{"start":{"line":37,"column":4},"end":{"line":37,"column":null}},"17":{"start":{"line":40,"column":8},"end":{"line":47,"column":null}},"18":{"start":{"line":41,"column":4},"end":{"line":47,"column":null}},"19":{"start":{"line":42,"column":22},"end":{"line":45,"column":8}},"20":{"start":{"line":46,"column":6},"end":{"line":46,"column":null}},"21":{"start":{"line":47,"column":6},"end":{"line":47,"column":null}},"22":{"start":{"line":51,"column":21},"end":{"line":104,"column":null}},"23":{"start":{"line":52,"column":4},"end":{"line":52,"column":null}},"24":{"start":{"line":52,"column":30},"end":{"line":52,"column":null}},"25":{"start":{"line":53,"column":4},"end":{"line":55,"column":null}},"26":{"start":{"line":54,"column":6},"end":{"line":54,"column":null}},"27":{"start":{"line":55,"column":6},"end":{"line":55,"column":null}},"28":{"start":{"line":58,"column":4},"end":{"line":58,"column":null}},"29":{"start":{"line":59,"column":24},"end":{"line":59,"column":null}},"30":{"start":{"line":60,"column":4},"end":{"line":60,"column":null}},"31":{"start":{"line":60,"column":24},"end":{"line":60,"column":46}},"32":{"start":{"line":61,"column":4},"end":{"line":61,"column":null}},"33":{"start":{"line":62,"column":4},"end":{"line":62,"column":null}},"34":{"start":{"line":64,"column":4},"end":{"line":67,"column":null}},"35":{"start":{"line":69,"column":4},"end":{"line":104,"column":null}},"36":{"start":{"line":70,"column":29},"end":{"line":70,"column":71}},"37":{"start":{"line":70,"column":53},"end":{"line":70,"column":71}},"38":{"start":{"line":71,"column":24},"end":{"line":71,"column":26}},"39":{"start":{"line":72,"column":6},"end":{"line":73,"column":null}},"40":{"start":{"line":73,"column":8},"end":{"line":73,"column":null}},"41":{"start":{"line":76,"column":23},"end":{"line":85,"column":8}},"42":{"start":{"line":87,"column":19},"end":{"line":87,"column":40}},"43":{"start":{"line":89,"column":6},"end":{"line":90,"column":null}},"44":{"start":{"line":90,"column":8},"end":{"line":90,"column":null}},"45":{"start":{"line":93,"column":6},"end":{"line":96,"column":null}},"46":{"start":{"line":93,"column":26},"end":{"line":96,"column":8}},"47":{"start":{"line":99,"column":6},"end":{"line":99,"column":null}},"48":{"start":{"line":101,"column":6},"end":{"line":101,"column":null}},"49":{"start":{"line":101,"column":26},"end":{"line":101,"column":43}},"50":{"start":{"line":102,"column":6},"end":{"line":102,"column":null}},"51":{"start":{"line":104,"column":6},"end":{"line":104,"column":null}},"52":{"start":{"line":108,"column":8},"end":{"line":110,"column":null}},"53":{"start":{"line":109,"column":4},"end":{"line":109,"column":null}},"54":{"start":{"line":110,"column":4},"end":{"line":110,"column":null}},"55":{"start":{"line":113,"column":8},"end":{"line":116,"column":null}},"56":{"start":{"line":114,"column":4},"end":{"line":116,"column":null}},"57":{"start":{"line":115,"column":6},"end":{"line":115,"column":null}},"58":{"start":{"line":116,"column":6},"end":{"line":116,"column":null}},"59":{"start":{"line":121,"column":8},"end":{"line":160,"column":null}},"60":{"start":{"line":122,"column":24},"end":{"line":122,"column":33}},"61":{"start":{"line":125,"column":19},"end":{"line":125,"column":84}},"62":{"start":{"line":125,"column":52},"end":{"line":125,"column":84}},"63":{"start":{"line":127,"column":4},"end":{"line":156,"column":null}},"64":{"start":{"line":129,"column":20},"end":{"line":129,"column":62}},"65":{"start":{"line":132,"column":31},"end":{"line":132,"column":33}},"66":{"start":{"line":133,"column":6},"end":{"line":154,"column":null}},"67":{"start":{"line":134,"column":8},"end":{"line":152,"column":null}},"68":{"start":{"line":135,"column":24},"end":{"line":135,"column":41}},"69":{"start":{"line":136,"column":10},"end":{"line":150,"column":null}},"70":{"start":{"line":137,"column":12},"end":{"line":148,"column":null}},"71":{"start":{"line":138,"column":14},"end":{"line":146,"column":null}},"72":{"start":{"line":141,"column":33},"end":{"line":141,"column":59}},"73":{"start":{"line":147,"column":23},"end":{"line":148,"column":null}},"74":{"start":{"line":148,"column":14},"end":{"line":148,"column":null}},"75":{"start":{"line":152,"column":10},"end":{"line":152,"column":null}},"76":{"start":{"line":155,"column":6},"end":{"line":155,"column":null}},"77":{"start":{"line":158,"column":4},"end":{"line":160,"column":null}},"78":{"start":{"line":159,"column":6},"end":{"line":159,"column":null}},"79":{"start":{"line":163,"column":2},"end":{"line":283,"column":null}},"80":{"start":{"line":196,"column":12},"end":{"line":209,"column":null}},"81":{"start":{"line":234,"column":29},"end":{"line":234,"column":41}},"82":{"start":{"line":248,"column":14},"end":{"line":255,"column":null}},"83":{"start":{"line":250,"column":31},"end":{"line":250,"column":44}},"84":{"start":{"line":266,"column":31},"end":{"line":266,"column":55}}},"fnMap":{"0":{"name":"(anonymous_0)","decl":{"start":{"line":6,"column":6},"end":{"line":6,"column":14}},"loc":{"start":{"line":6,"column":39},"end":{"line":283,"column":null}},"line":6},"1":{"name":"(anonymous_1)","decl":{"start":{"line":7,"column":34},"end":{"line":7,"column":49}},"loc":{"start":{"line":7,"column":49},"end":{"line":18,"column":null}},"line":7},"2":{"name":"(anonymous_2)","decl":{"start":{"line":28,"column":2},"end":{"line":28,"column":18}},"loc":{"start":{"line":28,"column":18},"end":{"line":30,"column":6}},"line":28},"3":{"name":"(anonymous_3)","decl":{"start":{"line":32,"column":8},"end":{"line":32,"column":31}},"loc":{"start":{"line":32,"column":31},"end":{"line":33,"column":null}},"line":32},"4":{"name":"(anonymous_4)","decl":{"start":{"line":36,"column":2},"end":{"line":36,"column":18}},"loc":{"start":{"line":36,"column":18},"end":{"line":38,"column":6}},"line":36},"5":{"name":"(anonymous_5)","decl":{"start":{"line":40,"column":8},"end":{"line":40,"column":29}},"loc":{"start":{"line":40,"column":29},"end":{"line":47,"column":null}},"line":40},"6":{"name":"(anonymous_6)","decl":{"start":{"line":51,"column":21},"end":{"line":51,"column":28}},"loc":{"start":{"line":51,"column":53},"end":{"line":104,"column":null}},"line":51},"7":{"name":"(anonymous_7)","decl":{"start":{"line":60,"column":4},"end":{"line":60,"column":16}},"loc":{"start":{"line":60,"column":24},"end":{"line":60,"column":46}},"line":60},"8":{"name":"(anonymous_8)","decl":{"start":{"line":70,"column":38},"end":{"line":70,"column":48}},"loc":{"start":{"line":70,"column":53},"end":{"line":70,"column":71}},"line":70},"9":{"name":"(anonymous_9)","decl":{"start":{"line":93,"column":6},"end":{"line":93,"column":18}},"loc":{"start":{"line":93,"column":26},"end":{"line":96,"column":8}},"line":93},"10":{"name":"(anonymous_10)","decl":{"start":{"line":101,"column":6},"end":{"line":101,"column":18}},"loc":{"start":{"line":101,"column":26},"end":{"line":101,"column":43}},"line":101},"11":{"name":"(anonymous_11)","decl":{"start":{"line":108,"column":8},"end":{"line":108,"column":24}},"loc":{"start":{"line":108,"column":30},"end":{"line":110,"column":null}},"line":108},"12":{"name":"(anonymous_12)","decl":{"start":{"line":113,"column":8},"end":{"line":113,"column":25}},"loc":{"start":{"line":113,"column":31},"end":{"line":116,"column":null}},"line":113},"13":{"name":"(anonymous_13)","decl":{"start":{"line":121,"column":8},"end":{"line":121,"column":32}},"loc":{"start":{"line":121,"column":44},"end":{"line":160,"column":null}},"line":121},"14":{"name":"(anonymous_14)","decl":{"start":{"line":125,"column":37},"end":{"line":125,"column":43}},"loc":{"start":{"line":125,"column":52},"end":{"line":125,"column":84}},"line":125},"15":{"name":"(anonymous_15)","decl":{"start":{"line":127,"column":11},"end":{"line":127,"column":19}},"loc":{"start":{"line":127,"column":28},"end":{"line":156,"column":null}},"line":127},"16":{"name":"(anonymous_16)","decl":{"start":{"line":133,"column":20},"end":{"line":133,"column":28}},"loc":{"start":{"line":133,"column":36},"end":{"line":154,"column":null}},"line":133},"17":{"name":"(anonymous_17)","decl":{"start":{"line":136,"column":16},"end":{"line":136,"column":24}},"loc":{"start":{"line":136,"column":32},"end":{"line":150,"column":null}},"line":136},"18":{"name":"(anonymous_18)","decl":{"start":{"line":141,"column":18},"end":{"line":141,"column":33}},"loc":{"start":{"line":141,"column":33},"end":{"line":141,"column":59}},"line":141},"19":{"name":"(anonymous_19)","decl":{"start":{"line":158,"column":25},"end":{"line":158,"column":30}},"loc":{"start":{"line":159,"column":6},"end":{"line":159,"column":null}},"line":159},"20":{"name":"(anonymous_20)","decl":{"start":{"line":195,"column":20},"end":{"line":195,"column":25}},"loc":{"start":{"line":196,"column":12},"end":{"line":209,"column":null}},"line":196},"21":{"name":"(anonymous_21)","decl":{"start":{"line":234,"column":14},"end":{"line":234,"column":29}},"loc":{"start":{"line":234,"column":29},"end":{"line":234,"column":41}},"line":234},"22":{"name":"(anonymous_22)","decl":{"start":{"line":247,"column":28},"end":{"line":247,"column":33}},"loc":{"start":{"line":248,"column":14},"end":{"line":255,"column":null}},"line":248},"23":{"name":"(anonymous_23)","decl":{"start":{"line":250,"column":16},"end":{"line":250,"column":31}},"loc":{"start":{"line":250,"column":31},"end":{"line":250,"column":44}},"line":250},"24":{"name":"(anonymous_24)","decl":{"start":{"line":266,"column":14},"end":{"line":266,"column":25}},"loc":{"start":{"line":266,"column":31},"end":{"line":266,"column":55}},"line":266}},"branchMap":{"0":{"loc":{"start":{"line":9,"column":4},"end":{"line":10,"column":null}},"type":"if","locations":[{"start":{"line":9,"column":4},"end":{"line":10,"column":null}},{"start":{},"end":{}}],"line":9},"1":{"loc":{"start":{"line":41,"column":4},"end":{"line":47,"column":null}},"type":"if","locations":[{"start":{"line":41,"column":4},"end":{"line":47,"column":null}},{"start":{},"end":{}}],"line":41},"2":{"loc":{"start":{"line":51,"column":28},"end":{"line":51,"column":53}},"type":"default-arg","locations":[{"start":{"line":51,"column":43},"end":{"line":51,"column":53}}],"line":51},"3":{"loc":{"start":{"line":52,"column":4},"end":{"line":52,"column":null}},"type":"if","locations":[{"start":{"line":52,"column":4},"end":{"line":52,"column":null}},{"start":{},"end":{}}],"line":52},"4":{"loc":{"start":{"line":53,"column":4},"end":{"line":55,"column":null}},"type":"if","locations":[{"start":{"line":53,"column":4},"end":{"line":55,"column":null}},{"start":{},"end":{}}],"line":53},"5":{"loc":{"start":{"line":72,"column":6},"end":{"line":73,"column":null}},"type":"if","locations":[{"start":{"line":72,"column":6},"end":{"line":73,"column":null}},{"start":{},"end":{}}],"line":72},"6":{"loc":{"start":{"line":89,"column":6},"end":{"line":90,"column":null}},"type":"if","locations":[{"start":{"line":89,"column":6},"end":{"line":90,"column":null}},{"start":{},"end":{}}],"line":89},"7":{"loc":{"start":{"line":90,"column":24},"end":{"line":90,"column":63}},"type":"binary-expr","locations":[{"start":{"line":90,"column":24},"end":{"line":90,"column":38}},{"start":{"line":90,"column":38},"end":{"line":90,"column":63}}],"line":90},"8":{"loc":{"start":{"line":99,"column":15},"end":{"line":99,"column":51}},"type":"binary-expr","locations":[{"start":{"line":99,"column":15},"end":{"line":99,"column":30}},{"start":{"line":99,"column":30},"end":{"line":99,"column":51}}],"line":99},"9":{"loc":{"start":{"line":114,"column":4},"end":{"line":116,"column":null}},"type":"if","locations":[{"start":{"line":114,"column":4},"end":{"line":116,"column":null}},{"start":{},"end":{}}],"line":114},"10":{"loc":{"start":{"line":114,"column":8},"end":{"line":114,"column":42}},"type":"binary-expr","locations":[{"start":{"line":114,"column":8},"end":{"line":114,"column":29}},{"start":{"line":114,"column":29},"end":{"line":114,"column":42}}],"line":114},"11":{"loc":{"start":{"line":134,"column":8},"end":{"line":152,"column":null}},"type":"if","locations":[{"start":{"line":134,"column":8},"end":{"line":152,"column":null}},{"start":{"line":151,"column":15},"end":{"line":152,"column":null}}],"line":134},"12":{"loc":{"start":{"line":137,"column":12},"end":{"line":148,"column":null}},"type":"if","locations":[{"start":{"line":137,"column":12},"end":{"line":148,"column":null}},{"start":{"line":147,"column":23},"end":{"line":148,"column":null}}],"line":137},"13":{"loc":{"start":{"line":147,"column":23},"end":{"line":148,"column":null}},"type":"if","locations":[{"start":{"line":147,"column":23},"end":{"line":148,"column":null}},{"start":{},"end":{}}],"line":147},"14":{"loc":{"start":{"line":172,"column":11},"end":{"line":178,"column":null}},"type":"binary-expr","locations":[{"start":{"line":172,"column":11},"end":{"line":172,"column":null}},{"start":{"line":173,"column":12},"end":{"line":178,"column":null}}],"line":172},"15":{"loc":{"start":{"line":183,"column":9},"end":{"line":186,"column":null}},"type":"binary-expr","locations":[{"start":{"line":183,"column":9},"end":{"line":183,"column":null}},{"start":{"line":184,"column":10},"end":{"line":186,"column":null}}],"line":183},"16":{"loc":{"start":{"line":198,"column":33},"end":{"line":198,"column":null}},"type":"cond-expr","locations":[{"start":{"line":198,"column":55},"end":{"line":198,"column":71}},{"start":{"line":198,"column":71},"end":{"line":198,"column":null}}],"line":198},"17":{"loc":{"start":{"line":202,"column":18},"end":{"line":204,"column":null}},"type":"cond-expr","locations":[{"start":{"line":203,"column":22},"end":{"line":203,"column":null}},{"start":{"line":204,"column":22},"end":{"line":204,"column":null}}],"line":202},"18":{"loc":{"start":{"line":207,"column":17},"end":{"line":207,"column":null}},"type":"cond-expr","locations":[{"start":{"line":207,"column":44},"end":{"line":207,"column":77}},{"start":{"line":207,"column":80},"end":{"line":207,"column":null}}],"line":207},"19":{"loc":{"start":{"line":213,"column":11},"end":{"line":224,"column":null}},"type":"binary-expr","locations":[{"start":{"line":213,"column":11},"end":{"line":213,"column":null}},{"start":{"line":214,"column":12},"end":{"line":224,"column":null}}],"line":213},"20":{"loc":{"start":{"line":230,"column":9},"end":{"line":238,"column":null}},"type":"binary-expr","locations":[{"start":{"line":230,"column":9},"end":{"line":230,"column":null}},{"start":{"line":231,"column":10},"end":{"line":238,"column":null}}],"line":230},"21":{"loc":{"start":{"line":274,"column":24},"end":{"line":274,"column":50}},"type":"binary-expr","locations":[{"start":{"line":274,"column":24},"end":{"line":274,"column":37}},{"start":{"line":274,"column":37},"end":{"line":274,"column":50}}],"line":274}},"s":{"0":2,"1":25,"2":8,"3":8,"4":1,"5":7,"6":25,"7":25,"8":25,"9":25,"10":25,"11":25,"12":18,"13":25,"14":18,"15":25,"16":18,"17":25,"18":0,"19":0,"20":0,"21":0,"22":25,"23":5,"24":0,"25":5,"26":0,"27":0,"28":5,"29":5,"30":5,"31":5,"32":5,"33":5,"34":5,"35":5,"36":5,"37":5,"38":5,"39":5,"40":0,"41":5,"42":5,"43":5,"44":1,"45":4,"46":4,"47":1,"48":1,"49":1,"50":1,"51":5,"52":25,"53":2,"54":2,"55":25,"56":3,"57":3,"58":3,"59":25,"60":30,"61":30,"62":660,"63":30,"64":300,"65":300,"66":300,"67":300,"68":300,"69":300,"70":300,"71":0,"72":0,"73":300,"74":300,"75":0,"76":300,"77":30,"78":30,"79":25,"80":40,"81":0,"82":100,"83":0,"84":6},"f":{"0":25,"1":8,"2":18,"3":18,"4":18,"5":0,"6":5,"7":5,"8":5,"9":4,"10":1,"11":2,"12":3,"13":30,"14":660,"15":300,"16":300,"17":300,"18":0,"19":30,"20":40,"21":0,"22":100,"23":0,"24":6},"b":{"0":[1,7],"1":[0,0],"2":[5],"3":[0,5],"4":[0,5],"5":[0,5],"6":[1,4],"7":[1,0],"8":[1,0],"9":[3,0],"10":[3,3],"11":[300,0],"12":[0,300],"13":[300,0],"14":[25,10],"15":[25,10],"16":[10,30],"17":[10,30],"18":[30,10],"19":[25,5],"20":[25,1],"21":[25,20]},"meta":{"lastBranch":22,"lastFunction":25,"lastStatement":85,"seen":{"s:6:6:283:Infinity":0,"f:6:6:6:14":0,"s:7:19:18:Infinity":1,"f:7:34:7:49":1,"s:8:18:8:61":2,"b:9:4:10:Infinity:undefined:undefined:undefined:undefined":0,"s:9:4:10:Infinity":3,"s:10:6:10:Infinity":4,"s:12:4:17:Infinity":5,"s:20:16:20:40":6,"s:21:20:21:51":7,"s:22:16:22:42":8,"s:23:8:23:37":9,"s:26:21:26:Infinity":10,"s:28:2:30:Infinity":11,"f:28:2:28:18":2,"s:29:4:29:Infinity":12,"s:32:8:33:Infinity":13,"f:32:8:32:31":3,"s:33:4:33:Infinity":14,"s:36:2:38:Infinity":15,"f:36:2:36:18":4,"s:37:4:37:Infinity":16,"s:40:8:47:Infinity":17,"f:40:8:40:29":5,"b:41:4:47:Infinity:undefined:undefined:undefined:undefined":1,"s:41:4:47:Infinity":18,"s:42:22:45:8":19,"s:46:6:46:Infinity":20,"s:47:6:47:Infinity":21,"s:51:21:104:Infinity":22,"f:51:21:51:28":6,"b:51:43:51:53":2,"b:52:4:52:Infinity:undefined:undefined:undefined:undefined":3,"s:52:4:52:Infinity":23,"s:52:30:52:Infinity":24,"b:53:4:55:Infinity:undefined:undefined:undefined:undefined":4,"s:53:4:55:Infinity":25,"s:54:6:54:Infinity":26,"s:55:6:55:Infinity":27,"s:58:4:58:Infinity":28,"s:59:24:59:Infinity":29,"s:60:4:60:Infinity":30,"f:60:4:60:16":7,"s:60:24:60:46":31,"s:61:4:61:Infinity":32,"s:62:4:62:Infinity":33,"s:64:4:67:Infinity":34,"s:69:4:104:Infinity":35,"s:70:29:70:71":36,"f:70:38:70:48":8,"s:70:53:70:71":37,"s:71:24:71:26":38,"b:72:6:73:Infinity:undefined:undefined:undefined:undefined":5,"s:72:6:73:Infinity":39,"s:73:8:73:Infinity":40,"s:76:23:85:8":41,"s:87:19:87:40":42,"b:89:6:90:Infinity:undefined:undefined:undefined:undefined":6,"s:89:6:90:Infinity":43,"s:90:8:90:Infinity":44,"b:90:24:90:38:90:38:90:63":7,"s:93:6:96:Infinity":45,"f:93:6:93:18":9,"s:93:26:96:8":46,"s:99:6:99:Infinity":47,"b:99:15:99:30:99:30:99:51":8,"s:101:6:101:Infinity":48,"f:101:6:101:18":10,"s:101:26:101:43":49,"s:102:6:102:Infinity":50,"s:104:6:104:Infinity":51,"s:108:8:110:Infinity":52,"f:108:8:108:24":11,"s:109:4:109:Infinity":53,"s:110:4:110:Infinity":54,"s:113:8:116:Infinity":55,"f:113:8:113:25":12,"b:114:4:116:Infinity:undefined:undefined:undefined:undefined":9,"s:114:4:116:Infinity":56,"b:114:8:114:29:114:29:114:42":10,"s:115:6:115:Infinity":57,"s:116:6:116:Infinity":58,"s:121:8:160:Infinity":59,"f:121:8:121:32":13,"s:122:24:122:33":60,"s:125:19:125:84":61,"f:125:37:125:43":14,"s:125:52:125:84":62,"s:127:4:156:Infinity":63,"f:127:11:127:19":15,"s:129:20:129:62":64,"s:132:31:132:33":65,"s:133:6:154:Infinity":66,"f:133:20:133:28":16,"b:134:8:152:Infinity:151:15:152:Infinity":11,"s:134:8:152:Infinity":67,"s:135:24:135:41":68,"s:136:10:150:Infinity":69,"f:136:16:136:24":17,"b:137:12:148:Infinity:147:23:148:Infinity":12,"s:137:12:148:Infinity":70,"s:138:14:146:Infinity":71,"f:141:18:141:33":18,"s:141:33:141:59":72,"b:147:23:148:Infinity:undefined:undefined:undefined:undefined":13,"s:147:23:148:Infinity":73,"s:148:14:148:Infinity":74,"s:152:10:152:Infinity":75,"s:155:6:155:Infinity":76,"s:158:4:160:Infinity":77,"f:158:25:158:30":19,"s:159:6:159:Infinity":78,"s:163:2:283:Infinity":79,"b:172:11:172:Infinity:173:12:178:Infinity":14,"b:183:9:183:Infinity:184:10:186:Infinity":15,"f:195:20:195:25":20,"s:196:12:209:Infinity":80,"b:198:55:198:71:198:71:198:Infinity":16,"b:203:22:203:Infinity:204:22:204:Infinity":17,"b:207:44:207:77:207:80:207:Infinity":18,"b:213:11:213:Infinity:214:12:224:Infinity":19,"b:230:9:230:Infinity:231:10:238:Infinity":20,"f:234:14:234:29":21,"s:234:29:234:41":81,"f:247:28:247:33":22,"s:248:14:255:Infinity":82,"f:250:16:250:31":23,"s:250:31:250:44":83,"f:266:14:266:25":24,"s:266:31:266:55":84,"b:274:24:274:37:274:37:274:50":21}}}
,"C:\\Users\\Srinivaspunith\\.antigravity\\election-assistant\\src\\components\\Header.jsx": {"path":"C:\\Users\\Srinivaspunith\\.antigravity\\election-assistant\\src\\components\\Header.jsx","statementMap":{"0":{"start":{"line":5,"column":6},"end":{"line":56,"column":null}},"1":{"start":{"line":6,"column":18},"end":{"line":6,"column":44}},"2":{"start":{"line":8,"column":30},"end":{"line":8,"column":null}},"3":{"start":{"line":10,"column":2},"end":{"line":56,"column":null}},"4":{"start":{"line":36,"column":43},"end":{"line":36,"column":null}},"5":{"start":{"line":42,"column":43},"end":{"line":42,"column":null}}},"fnMap":{"0":{"name":"(anonymous_0)","decl":{"start":{"line":5,"column":6},"end":{"line":5,"column":16}},"loc":{"start":{"line":5,"column":51},"end":{"line":56,"column":null}},"line":5},"1":{"name":"(anonymous_1)","decl":{"start":{"line":36,"column":14},"end":{"line":36,"column":26}},"loc":{"start":{"line":36,"column":43},"end":{"line":36,"column":null}},"line":36},"2":{"name":"(anonymous_2)","decl":{"start":{"line":42,"column":14},"end":{"line":42,"column":26}},"loc":{"start":{"line":42,"column":43},"end":{"line":42,"column":null}},"line":42}},"branchMap":{"0":{"loc":{"start":{"line":36,"column":214},"end":{"line":36,"column":null}},"type":"cond-expr","locations":[{"start":{"line":36,"column":225},"end":{"line":36,"column":244}},{"start":{"line":36,"column":244},"end":{"line":36,"column":null}}],"line":36},"1":{"loc":{"start":{"line":42,"column":214},"end":{"line":42,"column":null}},"type":"cond-expr","locations":[{"start":{"line":42,"column":225},"end":{"line":42,"column":244}},{"start":{"line":42,"column":244},"end":{"line":42,"column":null}}],"line":42},"2":{"loc":{"start":{"line":55,"column":13},"end":{"line":55,"column":null}},"type":"cond-expr","locations":[{"start":{"line":55,"column":22},"end":{"line":55,"column":29}},{"start":{"line":55,"column":29},"end":{"line":55,"column":null}}],"line":55}},"s":{"0":2,"1":4,"2":4,"3":4,"4":4,"5":4},"f":{"0":4,"1":4,"2":4},"b":{"0":[4,0],"1":[0,4],"2":[4,0]},"meta":{"lastBranch":3,"lastFunction":3,"lastStatement":6,"seen":{"s:5:6:56:Infinity":0,"f:5:6:5:16":0,"s:6:18:6:44":1,"s:8:30:8:Infinity":2,"s:10:2:56:Infinity":3,"f:36:14:36:26":1,"s:36:43:36:Infinity":4,"b:36:225:36:244:36:244:36:Infinity":0,"f:42:14:42:26":2,"s:42:43:42:Infinity":5,"b:42:225:42:244:42:244:42:Infinity":1,"b:55:22:55:29:55:29:55:Infinity":2}}}
,"C:\\Users\\Srinivaspunith\\.antigravity\\election-assistant\\src\\components\\Hero.jsx": {"path":"C:\\Users\\Srinivaspunith\\.antigravity\\election-assistant\\src\\components\\Hero.jsx","statementMap":{"0":{"start":{"line":3,"column":6},"end":{"line":30,"column":null}},"1":{"start":{"line":4,"column":2},"end":{"line":30,"column":null}},"2":{"start":{"line":26,"column":25},"end":{"line":26,"column":100}}},"fnMap":{"0":{"name":"(anonymous_0)","decl":{"start":{"line":3,"column":6},"end":{"line":3,"column":19}},"loc":{"start":{"line":3,"column":19},"end":{"line":30,"column":null}},"line":3},"1":{"name":"(anonymous_1)","decl":{"start":{"line":26,"column":10},"end":{"line":26,"column":25}},"loc":{"start":{"line":26,"column":25},"end":{"line":26,"column":100}},"line":26}},"branchMap":{},"s":{"0":1,"1":3,"2":0},"f":{"0":3,"1":0},"b":{},"meta":{"lastBranch":0,"lastFunction":2,"lastStatement":3,"seen":{"s:3:6:30:Infinity":0,"f:3:6:3:19":0,"s:4:2:30:Infinity":1,"f:26:10:26:25":1,"s:26:25:26:100":2}}}
,"C:\\Users\\Srinivaspunith\\.antigravity\\election-assistant\\src\\components\\Quiz.jsx": {"path":"C:\\Users\\Srinivaspunith\\.antigravity\\election-assistant\\src\\components\\Quiz.jsx","statementMap":{"0":{"start":{"line":4,"column":6},"end":{"line":204,"column":null}},"1":{"start":{"line":5,"column":20},"end":{"line":5,"column":48}},"2":{"start":{"line":6,"column":31},"end":{"line":6,"column":69}},"3":{"start":{"line":7,"column":16},"end":{"line":7,"column":39}},"4":{"start":{"line":8,"column":18},"end":{"line":8,"column":47}},"5":{"start":{"line":9,"column":16},"end":{"line":9,"column":42}},"6":{"start":{"line":10,"column":20},"end":{"line":10,"column":52}},"7":{"start":{"line":11,"column":25},"end":{"line":11,"column":60}},"8":{"start":{"line":13,"column":20},"end":{"line":68,"column":null}},"9":{"start":{"line":14,"column":4},"end":{"line":14,"column":null}},"10":{"start":{"line":15,"column":4},"end":{"line":15,"column":null}},"11":{"start":{"line":16,"column":4},"end":{"line":16,"column":null}},"12":{"start":{"line":18,"column":4},"end":{"line":21,"column":null}},"13":{"start":{"line":23,"column":4},"end":{"line":68,"column":null}},"14":{"start":{"line":25,"column":6},"end":{"line":25,"column":null}},"15":{"start":{"line":25,"column":35},"end":{"line":25,"column":60}},"16":{"start":{"line":27,"column":28},"end":{"line":58,"column":null}},"17":{"start":{"line":60,"column":6},"end":{"line":60,"column":null}},"18":{"start":{"line":61,"column":6},"end":{"line":61,"column":null}},"19":{"start":{"line":62,"column":6},"end":{"line":62,"column":null}},"20":{"start":{"line":63,"column":6},"end":{"line":63,"column":null}},"21":{"start":{"line":65,"column":6},"end":{"line":65,"column":null}},"22":{"start":{"line":66,"column":6},"end":{"line":66,"column":null}},"23":{"start":{"line":68,"column":6},"end":{"line":68,"column":null}},"24":{"start":{"line":72,"column":8},"end":{"line":93,"column":null}},"25":{"start":{"line":73,"column":4},"end":{"line":73,"column":null}},"26":{"start":{"line":73,"column":33},"end":{"line":73,"column":null}},"27":{"start":{"line":75,"column":4},"end":{"line":75,"column":null}},"28":{"start":{"line":76,"column":22},"end":{"line":76,"column":null}},"29":{"start":{"line":77,"column":4},"end":{"line":78,"column":null}},"30":{"start":{"line":78,"column":6},"end":{"line":78,"column":null}},"31":{"start":{"line":78,"column":23},"end":{"line":78,"column":32}},"32":{"start":{"line":81,"column":4},"end":{"line":93,"column":null}},"33":{"start":{"line":82,"column":6},"end":{"line":82,"column":null}},"34":{"start":{"line":83,"column":6},"end":{"line":91,"column":null}},"35":{"start":{"line":84,"column":8},"end":{"line":84,"column":null}},"36":{"start":{"line":84,"column":40},"end":{"line":84,"column":49}},"37":{"start":{"line":86,"column":8},"end":{"line":86,"column":null}},"38":{"start":{"line":87,"column":8},"end":{"line":91,"column":null}},"39":{"start":{"line":96,"column":2},"end":{"line":204,"column":null}},"40":{"start":{"line":145,"column":31},"end":{"line":145,"column":null}},"41":{"start":{"line":146,"column":16},"end":{"line":155,"column":null}},"42":{"start":{"line":147,"column":18},"end":{"line":147,"column":null}},"43":{"start":{"line":149,"column":36},"end":{"line":149,"column":null}},"44":{"start":{"line":150,"column":18},"end":{"line":155,"column":null}},"45":{"start":{"line":151,"column":20},"end":{"line":151,"column":null}},"46":{"start":{"line":152,"column":29},"end":{"line":155,"column":null}},"47":{"start":{"line":153,"column":20},"end":{"line":153,"column":null}},"48":{"start":{"line":155,"column":20},"end":{"line":155,"column":null}},"49":{"start":{"line":159,"column":16},"end":{"line":167,"column":null}},"50":{"start":{"line":162,"column":35},"end":{"line":162,"column":52}}},"fnMap":{"0":{"name":"(anonymous_0)","decl":{"start":{"line":4,"column":6},"end":{"line":4,"column":19}},"loc":{"start":{"line":4,"column":19},"end":{"line":204,"column":null}},"line":4},"1":{"name":"(anonymous_1)","decl":{"start":{"line":13,"column":20},"end":{"line":13,"column":32}},"loc":{"start":{"line":13,"column":32},"end":{"line":68,"column":null}},"line":13},"2":{"name":"(anonymous_2)","decl":{"start":{"line":25,"column":16},"end":{"line":25,"column":24}},"loc":{"start":{"line":25,"column":35},"end":{"line":25,"column":60}},"line":25},"3":{"name":"(anonymous_3)","decl":{"start":{"line":72,"column":8},"end":{"line":72,"column":24}},"loc":{"start":{"line":72,"column":34},"end":{"line":93,"column":null}},"line":72},"4":{"name":"(anonymous_4)","decl":{"start":{"line":78,"column":6},"end":{"line":78,"column":15}},"loc":{"start":{"line":78,"column":23},"end":{"line":78,"column":32}},"line":78},"5":{"name":"(anonymous_5)","decl":{"start":{"line":81,"column":4},"end":{"line":81,"column":21}},"loc":{"start":{"line":81,"column":21},"end":{"line":93,"column":12}},"line":81},"6":{"name":"(anonymous_6)","decl":{"start":{"line":84,"column":8},"end":{"line":84,"column":32}},"loc":{"start":{"line":84,"column":40},"end":{"line":84,"column":49}},"line":84},"7":{"name":"(anonymous_7)","decl":{"start":{"line":144,"column":55},"end":{"line":144,"column":60}},"loc":{"start":{"line":144,"column":73},"end":{"line":167,"column":null}},"line":144},"8":{"name":"(anonymous_8)","decl":{"start":{"line":162,"column":20},"end":{"line":162,"column":35}},"loc":{"start":{"line":162,"column":35},"end":{"line":162,"column":52}},"line":162}},"branchMap":{"0":{"loc":{"start":{"line":73,"column":4},"end":{"line":73,"column":null}},"type":"if","locations":[{"start":{"line":73,"column":4},"end":{"line":73,"column":null}},{"start":{},"end":{}}],"line":73},"1":{"loc":{"start":{"line":77,"column":4},"end":{"line":78,"column":null}},"type":"if","locations":[{"start":{"line":77,"column":4},"end":{"line":78,"column":null}},{"start":{},"end":{}}],"line":77},"2":{"loc":{"start":{"line":83,"column":6},"end":{"line":91,"column":null}},"type":"if","locations":[{"start":{"line":83,"column":6},"end":{"line":91,"column":null}},{"start":{"line":85,"column":13},"end":{"line":91,"column":null}}],"line":83},"3":{"loc":{"start":{"line":90,"column":26},"end":{"line":90,"column":null}},"type":"cond-expr","locations":[{"start":{"line":90,"column":38},"end":{"line":90,"column":42}},{"start":{"line":90,"column":42},"end":{"line":90,"column":null}}],"line":90},"4":{"loc":{"start":{"line":103,"column":9},"end":{"line":115,"column":null}},"type":"binary-expr","locations":[{"start":{"line":103,"column":9},"end":{"line":103,"column":null}},{"start":{"line":104,"column":10},"end":{"line":115,"column":null}}],"line":103},"5":{"loc":{"start":{"line":109,"column":13},"end":{"line":109,"column":null}},"type":"binary-expr","locations":[{"start":{"line":109,"column":13},"end":{"line":109,"column":22}},{"start":{"line":109,"column":22},"end":{"line":109,"column":null}}],"line":109},"6":{"loc":{"start":{"line":119,"column":9},"end":{"line":128,"column":null}},"type":"binary-expr","locations":[{"start":{"line":119,"column":9},"end":{"line":119,"column":null}},{"start":{"line":120,"column":10},"end":{"line":128,"column":null}}],"line":119},"7":{"loc":{"start":{"line":132,"column":9},"end":{"line":175,"column":null}},"type":"binary-expr","locations":[{"start":{"line":132,"column":9},"end":{"line":132,"column":35}},{"start":{"line":132,"column":35},"end":{"line":132,"column":null}},{"start":{"line":133,"column":10},"end":{"line":175,"column":null}}],"line":132},"8":{"loc":{"start":{"line":146,"column":16},"end":{"line":155,"column":null}},"type":"if","locations":[{"start":{"line":146,"column":16},"end":{"line":155,"column":null}},{"start":{"line":148,"column":23},"end":{"line":155,"column":null}}],"line":146},"9":{"loc":{"start":{"line":150,"column":18},"end":{"line":155,"column":null}},"type":"if","locations":[{"start":{"line":150,"column":18},"end":{"line":155,"column":null}},{"start":{"line":152,"column":29},"end":{"line":155,"column":null}}],"line":150},"10":{"loc":{"start":{"line":152,"column":29},"end":{"line":155,"column":null}},"type":"if","locations":[{"start":{"line":152,"column":29},"end":{"line":155,"column":null}},{"start":{"line":154,"column":25},"end":{"line":155,"column":null}}],"line":152},"11":{"loc":{"start":{"line":172,"column":13},"end":{"line":175,"column":null}},"type":"binary-expr","locations":[{"start":{"line":172,"column":13},"end":{"line":172,"column":null}},{"start":{"line":173,"column":14},"end":{"line":175,"column":null}}],"line":172},"12":{"loc":{"start":{"line":181,"column":9},"end":{"line":200,"column":null}},"type":"binary-expr","locations":[{"start":{"line":181,"column":9},"end":{"line":181,"column":null}},{"start":{"line":182,"column":10},"end":{"line":200,"column":null}}],"line":181},"13":{"loc":{"start":{"line":184,"column":15},"end":{"line":184,"column":null}},"type":"cond-expr","locations":[{"start":{"line":184,"column":29},"end":{"line":184,"column":36}},{"start":{"line":184,"column":36},"end":{"line":184,"column":null}}],"line":184},"14":{"loc":{"start":{"line":184,"column":36},"end":{"line":184,"column":null}},"type":"cond-expr","locations":[{"start":{"line":184,"column":49},"end":{"line":184,"column":56}},{"start":{"line":184,"column":56},"end":{"line":184,"column":null}}],"line":184},"15":{"loc":{"start":{"line":190,"column":15},"end":{"line":192,"column":null}},"type":"cond-expr","locations":[{"start":{"line":190,"column":29},"end":{"line":190,"column":null}},{"start":{"line":191,"column":15},"end":{"line":192,"column":null}}],"line":190},"16":{"loc":{"start":{"line":191,"column":15},"end":{"line":192,"column":null}},"type":"cond-expr","locations":[{"start":{"line":191,"column":28},"end":{"line":191,"column":null}},{"start":{"line":192,"column":15},"end":{"line":192,"column":null}}],"line":191}},"s":{"0":2,"1":40,"2":40,"3":40,"4":40,"5":40,"6":40,"7":40,"8":40,"9":6,"10":6,"11":6,"12":6,"13":6,"14":6,"15":6,"16":6,"17":6,"18":6,"19":6,"20":6,"21":0,"22":0,"23":6,"24":40,"25":11,"26":0,"27":11,"28":11,"29":11,"30":1,"31":1,"32":11,"33":11,"34":11,"35":9,"36":9,"37":2,"38":2,"39":40,"40":104,"41":104,"42":60,"43":44,"44":44,"45":11,"46":33,"47":10,"48":23,"49":104,"50":11},"f":{"0":40,"1":6,"2":6,"3":11,"4":1,"5":11,"6":9,"7":104,"8":11},"b":{"0":[0,11],"1":[1,10],"2":[9,2],"3":[0,2],"4":[40,6],"5":[6,0],"6":[40,6],"7":[40,26,26],"8":[60,44],"9":[11,33],"10":[10,23],"11":[26,11],"12":[40,2],"13":[0,2],"14":[0,2],"15":[0,2],"16":[0,2]},"meta":{"lastBranch":17,"lastFunction":9,"lastStatement":51,"seen":{"s:4:6:204:Infinity":0,"f:4:6:4:19":0,"s:5:20:5:48":1,"s:6:31:6:69":2,"s:7:16:7:39":3,"s:8:18:8:47":4,"s:9:16:9:42":5,"s:10:20:10:52":6,"s:11:25:11:60":7,"s:13:20:68:Infinity":8,"f:13:20:13:32":1,"s:14:4:14:Infinity":9,"s:15:4:15:Infinity":10,"s:16:4:16:Infinity":11,"s:18:4:21:Infinity":12,"s:23:4:68:Infinity":13,"s:25:6:25:Infinity":14,"f:25:16:25:24":2,"s:25:35:25:60":15,"s:27:28:58:Infinity":16,"s:60:6:60:Infinity":17,"s:61:6:61:Infinity":18,"s:62:6:62:Infinity":19,"s:63:6:63:Infinity":20,"s:65:6:65:Infinity":21,"s:66:6:66:Infinity":22,"s:68:6:68:Infinity":23,"s:72:8:93:Infinity":24,"f:72:8:72:24":3,"b:73:4:73:Infinity:undefined:undefined:undefined:undefined":0,"s:73:4:73:Infinity":25,"s:73:33:73:Infinity":26,"s:75:4:75:Infinity":27,"s:76:22:76:Infinity":28,"b:77:4:78:Infinity:undefined:undefined:undefined:undefined":1,"s:77:4:78:Infinity":29,"s:78:6:78:Infinity":30,"f:78:6:78:15":4,"s:78:23:78:32":31,"s:81:4:93:Infinity":32,"f:81:4:81:21":5,"s:82:6:82:Infinity":33,"b:83:6:91:Infinity:85:13:91:Infinity":2,"s:83:6:91:Infinity":34,"s:84:8:84:Infinity":35,"f:84:8:84:32":6,"s:84:40:84:49":36,"s:86:8:86:Infinity":37,"s:87:8:91:Infinity":38,"b:90:38:90:42:90:42:90:Infinity":3,"s:96:2:204:Infinity":39,"b:103:9:103:Infinity:104:10:115:Infinity":4,"b:109:13:109:22:109:22:109:Infinity":5,"b:119:9:119:Infinity:120:10:128:Infinity":6,"b:132:9:132:35:132:35:132:Infinity:133:10:175:Infinity":7,"f:144:55:144:60":7,"s:145:31:145:Infinity":40,"b:146:16:155:Infinity:148:23:155:Infinity":8,"s:146:16:155:Infinity":41,"s:147:18:147:Infinity":42,"s:149:36:149:Infinity":43,"b:150:18:155:Infinity:152:29:155:Infinity":9,"s:150:18:155:Infinity":44,"s:151:20:151:Infinity":45,"b:152:29:155:Infinity:154:25:155:Infinity":10,"s:152:29:155:Infinity":46,"s:153:20:153:Infinity":47,"s:155:20:155:Infinity":48,"s:159:16:167:Infinity":49,"f:162:20:162:35":8,"s:162:35:162:52":50,"b:172:13:172:Infinity:173:14:175:Infinity":11,"b:181:9:181:Infinity:182:10:200:Infinity":12,"b:184:29:184:36:184:36:184:Infinity":13,"b:184:49:184:56:184:56:184:Infinity":14,"b:190:29:190:Infinity:191:15:192:Infinity":15,"b:191:28:191:Infinity:192:15:192:Infinity":16}}}
,"C:\\Users\\Srinivaspunith\\.antigravity\\election-assistant\\src\\components\\Timeline.jsx": {"path":"C:\\Users\\Srinivaspunith\\.antigravity\\election-assistant\\src\\components\\Timeline.jsx","statementMap":{"0":{"start":{"line":5,"column":6},"end":{"line":188,"column":null}},"1":{"start":{"line":6,"column":25},"end":{"line":6,"column":60}},"2":{"start":{"line":7,"column":22},"end":{"line":7,"column":52}},"3":{"start":{"line":8,"column":8},"end":{"line":8,"column":31}},"4":{"start":{"line":10,"column":2},"end":{"line":13,"column":null}},"5":{"start":{"line":12,"column":4},"end":{"line":12,"column":null}},"6":{"start":{"line":15,"column":8},"end":{"line":37,"column":null}},"7":{"start":{"line":16,"column":24},"end":{"line":16,"column":null}},"8":{"start":{"line":17,"column":4},"end":{"line":17,"column":null}},"9":{"start":{"line":19,"column":4},"end":{"line":26,"column":null}},"10":{"start":{"line":20,"column":20},"end":{"line":20,"column":55}},"11":{"start":{"line":20,"column":43},"end":{"line":20,"column":55}},"12":{"start":{"line":21,"column":6},"end":{"line":26,"column":null}},"13":{"start":{"line":22,"column":8},"end":{"line":26,"column":null}},"14":{"start":{"line":30,"column":4},"end":{"line":31,"column":null}},"15":{"start":{"line":31,"column":6},"end":{"line":31,"column":null}},"16":{"start":{"line":34,"column":4},"end":{"line":37,"column":null}},"17":{"start":{"line":35,"column":6},"end":{"line":37,"column":null}},"18":{"start":{"line":36,"column":8},"end":{"line":36,"column":null}},"19":{"start":{"line":42,"column":2},"end":{"line":48,"column":null}},"20":{"start":{"line":43,"column":4},"end":{"line":46,"column":null}},"21":{"start":{"line":44,"column":6},"end":{"line":46,"column":null}},"22":{"start":{"line":45,"column":8},"end":{"line":45,"column":null}},"23":{"start":{"line":50,"column":27},"end":{"line":57,"column":null}},"24":{"start":{"line":51,"column":18},"end":{"line":51,"column":43}},"25":{"start":{"line":52,"column":4},"end":{"line":55,"column":null}},"26":{"start":{"line":55,"column":36},"end":{"line":55,"column":68}},"27":{"start":{"line":59,"column":2},"end":{"line":188,"column":null}},"28":{"start":{"line":76,"column":29},"end":{"line":76,"column":59}},"29":{"start":{"line":89,"column":31},"end":{"line":89,"column":null}},"30":{"start":{"line":90,"column":30},"end":{"line":90,"column":null}},"31":{"start":{"line":92,"column":12},"end":{"line":135,"column":null}},"32":{"start":{"line":110,"column":33},"end":{"line":110,"column":58}},"33":{"start":{"line":149,"column":24},"end":{"line":149,"column":70}},"34":{"start":{"line":149,"column":47},"end":{"line":149,"column":70}},"35":{"start":{"line":150,"column":10},"end":{"line":150,"column":null}},"36":{"start":{"line":150,"column":22},"end":{"line":150,"column":null}},"37":{"start":{"line":152,"column":10},"end":{"line":183,"column":null}},"38":{"start":{"line":173,"column":24},"end":{"line":179,"column":null}}},"fnMap":{"0":{"name":"(anonymous_0)","decl":{"start":{"line":5,"column":6},"end":{"line":5,"column":18}},"loc":{"start":{"line":5,"column":93},"end":{"line":188,"column":null}},"line":5},"1":{"name":"(anonymous_1)","decl":{"start":{"line":10,"column":2},"end":{"line":10,"column":18}},"loc":{"start":{"line":10,"column":18},"end":{"line":13,"column":7}},"line":10},"2":{"name":"(anonymous_2)","decl":{"start":{"line":15,"column":8},"end":{"line":15,"column":27}},"loc":{"start":{"line":15,"column":34},"end":{"line":37,"column":null}},"line":15},"3":{"name":"(anonymous_3)","decl":{"start":{"line":20,"column":33},"end":{"line":20,"column":38}},"loc":{"start":{"line":20,"column":43},"end":{"line":20,"column":55}},"line":20},"4":{"name":"(anonymous_4)","decl":{"start":{"line":35,"column":6},"end":{"line":35,"column":23}},"loc":{"start":{"line":35,"column":23},"end":{"line":37,"column":13}},"line":35},"5":{"name":"(anonymous_5)","decl":{"start":{"line":42,"column":2},"end":{"line":42,"column":18}},"loc":{"start":{"line":42,"column":18},"end":{"line":48,"column":6}},"line":42},"6":{"name":"(anonymous_6)","decl":{"start":{"line":44,"column":6},"end":{"line":44,"column":23}},"loc":{"start":{"line":44,"column":23},"end":{"line":46,"column":13}},"line":44},"7":{"name":"(anonymous_7)","decl":{"start":{"line":50,"column":40},"end":{"line":50,"column":47}},"loc":{"start":{"line":50,"column":56},"end":{"line":57,"column":null}},"line":50},"8":{"name":"(anonymous_8)","decl":{"start":{"line":55,"column":25},"end":{"line":55,"column":30}},"loc":{"start":{"line":55,"column":36},"end":{"line":55,"column":68}},"line":55},"9":{"name":"(anonymous_9)","decl":{"start":{"line":76,"column":12},"end":{"line":76,"column":23}},"loc":{"start":{"line":76,"column":29},"end":{"line":76,"column":59}},"line":76},"10":{"name":"(anonymous_10)","decl":{"start":{"line":88,"column":28},"end":{"line":88,"column":33}},"loc":{"start":{"line":88,"column":50},"end":{"line":135,"column":null}},"line":88},"11":{"name":"(anonymous_11)","decl":{"start":{"line":110,"column":18},"end":{"line":110,"column":33}},"loc":{"start":{"line":110,"column":33},"end":{"line":110,"column":58}},"line":110},"12":{"name":"(anonymous_12)","decl":{"start":{"line":148,"column":9},"end":{"line":148,"column":33}},"loc":{"start":{"line":148,"column":33},"end":{"line":183,"column":null}},"line":148},"13":{"name":"(anonymous_13)","decl":{"start":{"line":149,"column":37},"end":{"line":149,"column":42}},"loc":{"start":{"line":149,"column":47},"end":{"line":149,"column":70}},"line":149},"14":{"name":"(anonymous_14)","decl":{"start":{"line":172,"column":42},"end":{"line":172,"column":47}},"loc":{"start":{"line":173,"column":24},"end":{"line":179,"column":null}},"line":173}},"branchMap":{"0":{"loc":{"start":{"line":17,"column":21},"end":{"line":17,"column":45}},"type":"cond-expr","locations":[{"start":{"line":17,"column":35},"end":{"line":17,"column":40}},{"start":{"line":17,"column":40},"end":{"line":17,"column":45}}],"line":17},"1":{"loc":{"start":{"line":19,"column":4},"end":{"line":26,"column":null}},"type":"if","locations":[{"start":{"line":19,"column":4},"end":{"line":26,"column":null}},{"start":{},"end":{}}],"line":19},"2":{"loc":{"start":{"line":21,"column":6},"end":{"line":26,"column":null}},"type":"if","locations":[{"start":{"line":21,"column":6},"end":{"line":26,"column":null}},{"start":{},"end":{}}],"line":21},"3":{"loc":{"start":{"line":30,"column":4},"end":{"line":31,"column":null}},"type":"if","locations":[{"start":{"line":30,"column":4},"end":{"line":31,"column":null}},{"start":{},"end":{}}],"line":30},"4":{"loc":{"start":{"line":34,"column":4},"end":{"line":37,"column":null}},"type":"if","locations":[{"start":{"line":34,"column":4},"end":{"line":37,"column":null}},{"start":{},"end":{}}],"line":34},"5":{"loc":{"start":{"line":43,"column":4},"end":{"line":46,"column":null}},"type":"if","locations":[{"start":{"line":43,"column":4},"end":{"line":46,"column":null}},{"start":{},"end":{}}],"line":43},"6":{"loc":{"start":{"line":53,"column":6},"end":{"line":55,"column":69}},"type":"binary-expr","locations":[{"start":{"line":53,"column":6},"end":{"line":53,"column":47}},{"start":{"line":54,"column":6},"end":{"line":54,"column":53}},{"start":{"line":55,"column":6},"end":{"line":55,"column":69}}],"line":53},"7":{"loc":{"start":{"line":82,"column":7},"end":{"line":138,"column":null}},"type":"cond-expr","locations":[{"start":{"line":83,"column":8},"end":{"line":87,"column":9}},{"start":{"line":87,"column":8},"end":{"line":138,"column":null}}],"line":82},"8":{"loc":{"start":{"line":98,"column":17},"end":{"line":105,"column":17}},"type":"binary-expr","locations":[{"start":{"line":98,"column":17},"end":{"line":98,"column":null}},{"start":{"line":99,"column":18},"end":{"line":105,"column":17}}],"line":98},"9":{"loc":{"start":{"line":108,"column":33},"end":{"line":108,"column":null}},"type":"cond-expr","locations":[{"start":{"line":108,"column":46},"end":{"line":108,"column":69}},{"start":{"line":108,"column":69},"end":{"line":108,"column":null}}],"line":108},"10":{"loc":{"start":{"line":112,"column":22},"end":{"line":114,"column":null}},"type":"cond-expr","locations":[{"start":{"line":113,"column":24},"end":{"line":113,"column":null}},{"start":{"line":114,"column":24},"end":{"line":114,"column":null}}],"line":112},"11":{"loc":{"start":{"line":120,"column":155},"end":{"line":120,"column":228}},"type":"cond-expr","locations":[{"start":{"line":120,"column":168},"end":{"line":120,"column":183}},{"start":{"line":120,"column":183},"end":{"line":120,"column":228}}],"line":120},"12":{"loc":{"start":{"line":145,"column":10},"end":{"line":145,"column":null}},"type":"cond-expr","locations":[{"start":{"line":145,"column":26},"end":{"line":145,"column":57}},{"start":{"line":145,"column":57},"end":{"line":145,"column":null}}],"line":145},"13":{"loc":{"start":{"line":148,"column":9},"end":{"line":183,"column":null}},"type":"binary-expr","locations":[{"start":{"line":148,"column":9},"end":{"line":148,"column":33}},{"start":{"line":148,"column":9},"end":{"line":183,"column":null}}],"line":148},"14":{"loc":{"start":{"line":150,"column":10},"end":{"line":150,"column":null}},"type":"if","locations":[{"start":{"line":150,"column":10},"end":{"line":150,"column":null}},{"start":{},"end":{}}],"line":150}},"s":{"0":2,"1":14,"2":14,"3":14,"4":14,"5":6,"6":14,"7":3,"8":3,"9":3,"10":2,"11":2,"12":2,"13":2,"14":3,"15":2,"16":3,"17":2,"18":2,"19":14,"20":8,"21":3,"22":2,"23":14,"24":140,"25":140,"26":0,"27":14,"28":0,"29":140,"30":140,"31":140,"32":3,"33":4,"34":4,"35":4,"36":0,"37":4,"38":16},"f":{"0":14,"1":6,"2":3,"3":2,"4":2,"5":8,"6":2,"7":140,"8":0,"9":0,"10":140,"11":3,"12":4,"13":4,"14":16},"b":{"0":[2,1],"1":[2,1],"2":[2,0],"3":[2,1],"4":[2,1],"5":[3,5],"6":[140,0,0],"7":[0,14],"8":[140,8],"9":[4,136],"10":[4,136],"11":[4,136],"12":[4,10],"13":[14,4],"14":[0,4]},"meta":{"lastBranch":15,"lastFunction":15,"lastStatement":39,"seen":{"s:5:6:188:Infinity":0,"f:5:6:5:18":0,"s:6:25:6:60":1,"s:7:22:7:52":2,"s:8:8:8:31":3,"s:10:2:13:Infinity":4,"f:10:2:10:18":1,"s:12:4:12:Infinity":5,"s:15:8:37:Infinity":6,"f:15:8:15:27":2,"s:16:24:16:Infinity":7,"s:17:4:17:Infinity":8,"b:17:35:17:40:17:40:17:45":0,"b:19:4:26:Infinity:undefined:undefined:undefined:undefined":1,"s:19:4:26:Infinity":9,"s:20:20:20:55":10,"f:20:33:20:38":3,"s:20:43:20:55":11,"b:21:6:26:Infinity:undefined:undefined:undefined:undefined":2,"s:21:6:26:Infinity":12,"s:22:8:26:Infinity":13,"b:30:4:31:Infinity:undefined:undefined:undefined:undefined":3,"s:30:4:31:Infinity":14,"s:31:6:31:Infinity":15,"b:34:4:37:Infinity:undefined:undefined:undefined:undefined":4,"s:34:4:37:Infinity":16,"s:35:6:37:Infinity":17,"f:35:6:35:23":4,"s:36:8:36:Infinity":18,"s:42:2:48:Infinity":19,"f:42:2:42:18":5,"b:43:4:46:Infinity:undefined:undefined:undefined:undefined":5,"s:43:4:46:Infinity":20,"s:44:6:46:Infinity":21,"f:44:6:44:23":6,"s:45:8:45:Infinity":22,"s:50:27:57:Infinity":23,"f:50:40:50:47":7,"s:51:18:51:43":24,"s:52:4:55:Infinity":25,"b:53:6:53:47:54:6:54:53:55:6:55:69":6,"f:55:25:55:30":8,"s:55:36:55:68":26,"s:59:2:188:Infinity":27,"f:76:12:76:23":9,"s:76:29:76:59":28,"b:83:8:87:9:87:8:138:Infinity":7,"f:88:28:88:33":10,"s:89:31:89:Infinity":29,"s:90:30:90:Infinity":30,"s:92:12:135:Infinity":31,"b:98:17:98:Infinity:99:18:105:17":8,"b:108:46:108:69:108:69:108:Infinity":9,"f:110:18:110:33":11,"s:110:33:110:58":32,"b:113:24:113:Infinity:114:24:114:Infinity":10,"b:120:168:120:183:120:183:120:228":11,"b:145:26:145:57:145:57:145:Infinity":12,"b:148:9:148:33:148:9:183:Infinity":13,"f:148:9:148:33":12,"s:149:24:149:70":33,"f:149:37:149:42":13,"s:149:47:149:70":34,"b:150:10:150:Infinity:undefined:undefined:undefined:undefined":14,"s:150:10:150:Infinity":35,"s:150:22:150:Infinity":36,"s:152:10:183:Infinity":37,"f:172:42:172:47":14,"s:173:24:179:Infinity":38}}}
,"C:\\Users\\Srinivaspunith\\.antigravity\\election-assistant\\src\\context\\ThemeContext.jsx": {"path":"C:\\Users\\Srinivaspunith\\.antigravity\\election-assistant\\src\\context\\ThemeContext.jsx","statementMap":{"0":{"start":{"line":3,"column":6},"end":{"line":3,"column":36}},"1":{"start":{"line":5,"column":13},"end":{"line":21,"column":null}},"2":{"start":{"line":6,"column":17},"end":{"line":6,"column":44}},"3":{"start":{"line":8,"column":2},"end":{"line":14,"column":null}},"4":{"start":{"line":9,"column":4},"end":{"line":12,"column":null}},"5":{"start":{"line":10,"column":6},"end":{"line":10,"column":null}},"6":{"start":{"line":12,"column":6},"end":{"line":12,"column":null}},"7":{"start":{"line":16,"column":8},"end":{"line":16,"column":46}},"8":{"start":{"line":16,"column":28},"end":{"line":16,"column":46}},"9":{"start":{"line":18,"column":2},"end":{"line":21,"column":null}},"10":{"start":{"line":25,"column":13},"end":{"line":25,"column":54}}},"fnMap":{"0":{"name":"(anonymous_0)","decl":{"start":{"line":5,"column":13},"end":{"line":5,"column":30}},"loc":{"start":{"line":5,"column":47},"end":{"line":21,"column":null}},"line":5},"1":{"name":"(anonymous_1)","decl":{"start":{"line":8,"column":2},"end":{"line":8,"column":18}},"loc":{"start":{"line":8,"column":18},"end":{"line":14,"column":6}},"line":8},"2":{"name":"(anonymous_2)","decl":{"start":{"line":16,"column":8},"end":{"line":16,"column":28}},"loc":{"start":{"line":16,"column":28},"end":{"line":16,"column":46}},"line":16},"3":{"name":"(anonymous_3)","decl":{"start":{"line":25,"column":13},"end":{"line":25,"column":30}},"loc":{"start":{"line":25,"column":13},"end":{"line":25,"column":54}},"line":25}},"branchMap":{"0":{"loc":{"start":{"line":9,"column":4},"end":{"line":12,"column":null}},"type":"if","locations":[{"start":{"line":9,"column":4},"end":{"line":12,"column":null}},{"start":{"line":11,"column":11},"end":{"line":12,"column":null}}],"line":9}},"s":{"0":1,"1":1,"2":3,"3":3,"4":2,"5":2,"6":0,"7":3,"8":0,"9":3,"10":3},"f":{"0":3,"1":2,"2":0,"3":3},"b":{"0":[2,0]},"meta":{"lastBranch":1,"lastFunction":4,"lastStatement":11,"seen":{"s:3:6:3:36":0,"s:5:13:21:Infinity":1,"f:5:13:5:30":0,"s:6:17:6:44":2,"s:8:2:14:Infinity":3,"f:8:2:8:18":1,"b:9:4:12:Infinity:11:11:12:Infinity":0,"s:9:4:12:Infinity":4,"s:10:6:10:Infinity":5,"s:12:6:12:Infinity":6,"s:16:8:16:46":7,"f:16:8:16:28":2,"s:16:28:16:46":8,"s:18:2:21:Infinity":9,"s:25:13:25:54":10,"f:25:13:25:30":3}}}
,"C:\\Users\\Srinivaspunith\\.antigravity\\election-assistant\\src\\data\\quickQuestions.js": {"path":"C:\\Users\\Srinivaspunith\\.antigravity\\election-assistant\\src\\data\\quickQuestions.js","statementMap":{"0":{"start":{"line":1,"column":30},"end":{"line":6,"column":null}}},"fnMap":{},"branchMap":{},"s":{"0":2},"f":{},"b":{},"meta":{"lastBranch":0,"lastFunction":0,"lastStatement":1,"seen":{"s:1:30:6:Infinity":0}}}
,"C:\\Users\\Srinivaspunith\\.antigravity\\election-assistant\\src\\data\\timelineData.js": {"path":"C:\\Users\\Srinivaspunith\\.antigravity\\election-assistant\\src\\data\\timelineData.js","statementMap":{"0":{"start":{"line":1,"column":28},"end":{"line":172,"column":null}}},"fnMap":{},"branchMap":{},"s":{"0":3},"f":{},"b":{},"meta":{"lastBranch":0,"lastFunction":0,"lastStatement":1,"seen":{"s:1:28:172:Infinity":0}}}
,"C:\\Users\\Srinivaspunith\\.antigravity\\election-assistant\\src\\pages\\Gallery.jsx": {"path":"C:\\Users\\Srinivaspunith\\.antigravity\\election-assistant\\src\\pages\\Gallery.jsx","statementMap":{"0":{"start":{"line":3,"column":6},"end":{"line":59,"column":null}},"1":{"start":{"line":4,"column":17},"end":{"line":25,"column":null}},"2":{"start":{"line":27,"column":2},"end":{"line":59,"column":null}},"3":{"start":{"line":39,"column":12},"end":{"line":55,"column":null}}},"fnMap":{"0":{"name":"(anonymous_0)","decl":{"start":{"line":3,"column":6},"end":{"line":3,"column":22}},"loc":{"start":{"line":3,"column":22},"end":{"line":59,"column":null}},"line":3},"1":{"name":"(anonymous_1)","decl":{"start":{"line":38,"column":18},"end":{"line":38,"column":23}},"loc":{"start":{"line":39,"column":12},"end":{"line":55,"column":null}},"line":39}},"branchMap":{},"s":{"0":1,"1":0,"2":0,"3":0},"f":{"0":0,"1":0},"b":{},"meta":{"lastBranch":0,"lastFunction":2,"lastStatement":4,"seen":{"s:3:6:59:Infinity":0,"f:3:6:3:22":0,"s:4:17:25:Infinity":1,"s:27:2:59:Infinity":2,"f:38:18:38:23":1,"s:39:12:55:Infinity":3}}}
,"C:\\Users\\Srinivaspunith\\.antigravity\\election-assistant\\src\\pages\\Home.jsx": {"path":"C:\\Users\\Srinivaspunith\\.antigravity\\election-assistant\\src\\pages\\Home.jsx","statementMap":{"0":{"start":{"line":7,"column":6},"end":{"line":23,"column":null}},"1":{"start":{"line":8,"column":2},"end":{"line":23,"column":null}}},"fnMap":{"0":{"name":"(anonymous_0)","decl":{"start":{"line":7,"column":6},"end":{"line":7,"column":14}},"loc":{"start":{"line":7,"column":89},"end":{"line":23,"column":null}},"line":7}},"branchMap":{},"s":{"0":1,"1":3},"f":{"0":3},"b":{},"meta":{"lastBranch":0,"lastFunction":1,"lastStatement":2,"seen":{"s:7:6:23:Infinity":0,"f:7:6:7:14":0,"s:8:2:23:Infinity":1}}}
}
